Tuan1/app/build/intermediates/manifest_merge_blame_file/debug/manifest-merger-blame-debug-report.txt
1<?xml version="1.0" encoding="utf-8"?>
2<manifest xmlns:android="http://schemas.android.com/apk/res/android"
3    package="com.laptrinhdidong.nhom3.btvntuan1"
4    android:versionCode="1"
5    android:versionName="1.0" >
6
7    <uses-sdk
8        android:minSdkVersion="25"
8-->src\main\AndroidManifest.xml
9        android:targetSdkVersion="30" />
9-->src\main\AndroidManifest.xml
10
11    <application
11-->src\main\AndroidManifest.xml:5:5-25:19
12        android:allowBackup="true"
12-->src\main\AndroidManifest.xml:6:9-35
13        android:appComponentFactory="android.support.v4.app.CoreComponentFactory"
13-->[com.android.support:support-compat:28.0.0] AndroidManifest.xml:22:18-91
14        android:debuggable="true"
15        android:extractNativeLibs="false"
16        android:icon="@mipmap/ic_launcher"
16-->src\main\AndroidManifest.xml:7:9-43
17        android:label="@string/app_name"
17-->src\main\AndroidManifest.xml:8:9-41
18        android:roundIcon="@mipmap/ic_launcher_round"
18-->src\main\AndroidManifest.xml:9:9-54
19        android:supportsRtl="true"
19-->src\main\AndroidManifest.xml:10:9-35
20        android:testOnly="true"
21        android:theme="@style/Theme.Btvntuan1" >
21-->src\main\AndroidManifest.xml:11:9-47
22        <activity android:name="com.laptrinhdidong.nhom3.btvntuan1.LoginActivity" />
22-->src\main\AndroidManifest.xml:12:9-60
22-->src\main\AndroidManifest.xml:12:19-48
23        <activity android:name="com.laptrinhdidong.nhom3.btvntuan1.SplashActivity" />
23-->src\main\AndroidManifest.xml:13:9-61
23-->src\main\AndroidManifest.xml:13:19-49
24        <activity android:name="com.laptrinhdidong.nhom3.btvntuan1.OnboardingtwoActivity" />
24-->src\main\AndroidManifest.xml:14:9-59
24-->src\main\AndroidManifest.xml:14:19-56
25        <activity android:name="com.laptrinhdidong.nhom3.btvntuan1.WelcomeActivity" />
25-->src\main\AndroidManifest.xml:15:9-53
25-->src\main\AndroidManifest.xml:15:19-50
26        <activity android:name="com.laptrinhdidong.nhom3.btvntuan1.OnboardingthreeActivity" />
26-->src\main\AndroidManifest.xml:16:9-61
26-->src\main\AndroidManifest.xml:16:19-58
27        <activity android:name="com.laptrinhdidong.nhom3.btvntuan1.MainActivity" >
27-->src\main\AndroidManifest.xml:17:9-23:20
27-->src\main\AndroidManifest.xml:17:19-47
28            <intent-filter>
28-->src\main\AndroidManifest.xml:18:13-22:29
29                <action android:name="android.intent.action.MAIN" />
29-->src\main\AndroidManifest.xml:19:17-69
29-->src\main\AndroidManifest.xml:19:25-66
30
31                <category android:name="android.intent.category.LAUNCHER" />
31-->src\main\AndroidManifest.xml:21:17-77
31-->src\main\AndroidManifest.xml:21:27-74
32            </intent-filter>
33        </activity>
34        <activity android:name="com.laptrinhdidong.nhom3.btvntuan1.ProfileActivity" />
34-->src\main\AndroidManifest.xml:24:9-53
34-->src\main\AndroidManifest.xml:24:19-50
35    </application>
36
37</manifest>